<?xml version="1.0" encoding="UTF-8"?>
<testng-results ignored="0" total="1" passed="1" failed="0" skipped="0">
  <reporter-output>
  </reporter-output>
  <suite started-at="2021-12-06T23:02:55 IST" name="Suite" finished-at="2021-12-06T23:03:11 IST" duration-ms="16012">
    <groups>
    </groups>
    <test started-at="2021-12-06T23:02:55 IST" name="SearchTest" finished-at="2021-12-06T23:03:11 IST" duration-ms="16012">
      <class name="Auto1Project.AutomationTask.searchFunctionality">
        <test-method is-config="true" signature="setUp()[pri:0, instance:Auto1Project.AutomationTask.searchFunctionality@1ddf84b8]" started-at="2021-12-06T23:02:55 IST" name="setUp" finished-at="2021-12-06T23:03:07 IST" duration-ms="12192" status="PASS">
          <reporter-output>
          </reporter-output>
        </test-method> <!-- setUp -->
        <test-method signature="filterCarsTest()[pri:0, instance:Auto1Project.AutomationTask.searchFunctionality@1ddf84b8]" started-at="2021-12-06T23:03:07 IST" name="filterCarsTest" finished-at="2021-12-06T23:03:10 IST" duration-ms="3103" status="PASS">
          <reporter-output>
          </reporter-output>
        </test-method> <!-- filterCarsTest -->
        <test-method is-config="true" signature="tearDown()[pri:0, instance:Auto1Project.AutomationTask.searchFunctionality@1ddf84b8]" started-at="2021-12-06T23:03:10 IST" name="tearDown" finished-at="2021-12-06T23:03:11 IST" duration-ms="675" status="PASS">
          <reporter-output>
          </reporter-output>
        </test-method> <!-- tearDown -->
      </class> <!-- Auto1Project.AutomationTask.searchFunctionality -->
    </test> <!-- SearchTest -->
  </suite> <!-- Suite -->
</testng-results>
